<?xml version="1.0" encoding="UTF-8"?>
<testsuites>
  <testsuite id="0" name="/Users/konstantin/Documents/Git/_forked/react-bem-classes/test/index.test.ts" errors="0" package="/Users/konstantin/Documents/Git/_forked/react-bem-classes/test/index.test.ts" hostname="localhost" tests="1" failures="0" time="0.703" timestamp="2019-03-06T14:22:44">
    <properties>
    </properties>
    <testcase classname="Module" name="works" time="0">
    </testcase>
    <system-out/>
    <system-err/>
  </testsuite>
</testsuites>